INFO:Created Employee: John Doe John.Doe@email.com
INFO:Created Employee: Corey Schafer Corey.Schafer@email.com
INFO:Created Employee: Tony Stark Tony.Stark@email.com
INFO:Created Employee: Peter Parker Peter.Parker@email.com
INFO:Created Employee: Bruce Wayne Bruce.Wayne@email.com
INFO:Created Employee: Jane Doe Jane.Doe@email.com
INFO:Created Employee: Clark Kent Clark.Kent@email.com
INFO:Created Employee: John Doe John.Doe@email.com
INFO:Created Employee: Corey Schafer Corey.Schafer@email.com
INFO:Created Employee: Tony Stark Tony.Stark@email.com
INFO:Created Employee: Peter Parker Peter.Parker@email.com
INFO:Created Employee: Bruce Wayne Bruce.Wayne@email.com
INFO:Created Employee: Jane Doe Jane.Doe@email.com
INFO:Created Employee: Clark Kent Clark.Kent@email.com
INFO:Created Employee: John Doe John.Doe@email.com
INFO:Created Employee: Corey Schafer Corey.Schafer@email.com
INFO:Created Employee: Tony Stark Tony.Stark@email.com
INFO:Created Employee: Peter Parker Peter.Parker@email.com
INFO:Created Employee: Bruce Wayne Bruce.Wayne@email.com
INFO:Created Employee: Jane Doe Jane.Doe@email.com
INFO:Created Employee: Clark Kent Clark.Kent@email.com
INFO:Created Employee: John Doe John.Doe@email.com
INFO:Created Employee: Corey Schafer Corey.Schafer@email.com
INFO:Created Employee: Tony Stark Tony.Stark@email.com
INFO:Created Employee: Peter Parker Peter.Parker@email.com
INFO:Created Employee: Bruce Wayne Bruce.Wayne@email.com
INFO:Created Employee: Jane Doe Jane.Doe@email.com
INFO:Created Employee: Clark Kent Clark.Kent@email.com
